INFO:     Started server process [28922]
INFO:     Waiting for application startup.
2026-07-07 18:52:46,000 [INFO] api.lifespan: Starting up PACS/DICOM Enterprise...
2026-07-07 18:52:46,002 [INFO] app.core.storage: Bucket 'dicom-images' already exists.
2026-07-07 18:52:46,020 INFO sqlalchemy.engine.Engine select pg_catalog.version()
2026-07-07 18:52:46,020 [INFO] sqlalchemy.engine.Engine: select pg_catalog.version()
2026-07-07 18:52:46,020 INFO sqlalchemy.engine.Engine [raw sql] ()
2026-07-07 18:52:46,020 [INFO] sqlalchemy.engine.Engine: [raw sql] ()
2026-07-07 18:52:46,021 INFO sqlalchemy.engine.Engine select current_schema()
2026-07-07 18:52:46,021 [INFO] sqlalchemy.engine.Engine: select current_schema()
2026-07-07 18:52:46,021 INFO sqlalchemy.engine.Engine [raw sql] ()
2026-07-07 18:52:46,021 [INFO] sqlalchemy.engine.Engine: [raw sql] ()
2026-07-07 18:52:46,021 INFO sqlalchemy.engine.Engine show standard_conforming_strings
2026-07-07 18:52:46,021 [INFO] sqlalchemy.engine.Engine: show standard_conforming_strings
2026-07-07 18:52:46,021 INFO sqlalchemy.engine.Engine [raw sql] ()
2026-07-07 18:52:46,021 [INFO] sqlalchemy.engine.Engine: [raw sql] ()
2026-07-07 18:52:46,022 INFO sqlalchemy.engine.Engine BEGIN (implicit)
2026-07-07 18:52:46,022 [INFO] sqlalchemy.engine.Engine: BEGIN (implicit)
2026-07-07 18:52:46,022 [INFO] api.lifespan: Ensuring database tables exist...
2026-07-07 18:52:46,025 INFO sqlalchemy.engine.Engine SELECT pg_catalog.pg_class.relname 
FROM pg_catalog.pg_class JOIN pg_catalog.pg_namespace ON pg_catalog.pg_namespace.oid = pg_catalog.pg_class.relnamespace 
WHERE pg_catalog.pg_class.relname = $1::VARCHAR AND pg_catalog.pg_class.relkind = ANY (ARRAY[$2::VARCHAR, $3::VARCHAR, $4::VARCHAR, $5::VARCHAR, $6::VARCHAR]) AND pg_catalog.pg_table_is_visible(pg_catalog.pg_class.oid) AND pg_catalog.pg_namespace.nspname != $7::VARCHAR
2026-07-07 18:52:46,025 [INFO] sqlalchemy.engine.Engine: SELECT pg_catalog.pg_class.relname 
FROM pg_catalog.pg_class JOIN pg_catalog.pg_namespace ON pg_catalog.pg_namespace.oid = pg_catalog.pg_class.relnamespace 
WHERE pg_catalog.pg_class.relname = $1::VARCHAR AND pg_catalog.pg_class.relkind = ANY (ARRAY[$2::VARCHAR, $3::VARCHAR, $4::VARCHAR, $5::VARCHAR, $6::VARCHAR]) AND pg_catalog.pg_table_is_visible(pg_catalog.pg_class.oid) AND pg_catalog.pg_namespace.nspname != $7::VARCHAR
2026-07-07 18:52:46,025 INFO sqlalchemy.engine.Engine [generated in 0.00013s] ('patients', 'r', 'p', 'f', 'v', 'm', 'pg_catalog')
2026-07-07 18:52:46,025 [INFO] sqlalchemy.engine.Engine: [generated in 0.00013s] ('patients', 'r', 'p', 'f', 'v', 'm', 'pg_catalog')
2026-07-07 18:52:46,026 INFO sqlalchemy.engine.Engine SELECT pg_catalog.pg_class.relname 
FROM pg_catalog.pg_class JOIN pg_catalog.pg_namespace ON pg_catalog.pg_namespace.oid = pg_catalog.pg_class.relnamespace 
WHERE pg_catalog.pg_class.relname = $1::VARCHAR AND pg_catalog.pg_class.relkind = ANY (ARRAY[$2::VARCHAR, $3::VARCHAR, $4::VARCHAR, $5::VARCHAR, $6::VARCHAR]) AND pg_catalog.pg_table_is_visible(pg_catalog.pg_class.oid) AND pg_catalog.pg_namespace.nspname != $7::VARCHAR
2026-07-07 18:52:46,026 [INFO] sqlalchemy.engine.Engine: SELECT pg_catalog.pg_class.relname 
FROM pg_catalog.pg_class JOIN pg_catalog.pg_namespace ON pg_catalog.pg_namespace.oid = pg_catalog.pg_class.relnamespace 
WHERE pg_catalog.pg_class.relname = $1::VARCHAR AND pg_catalog.pg_class.relkind = ANY (ARRAY[$2::VARCHAR, $3::VARCHAR, $4::VARCHAR, $5::VARCHAR, $6::VARCHAR]) AND pg_catalog.pg_table_is_visible(pg_catalog.pg_class.oid) AND pg_catalog.pg_namespace.nspname != $7::VARCHAR
2026-07-07 18:52:46,026 INFO sqlalchemy.engine.Engine [cached since 0.001415s ago] ('studies', 'r', 'p', 'f', 'v', 'm', 'pg_catalog')
2026-07-07 18:52:46,026 [INFO] sqlalchemy.engine.Engine: [cached since 0.001415s ago] ('studies', 'r', 'p', 'f', 'v', 'm', 'pg_catalog')
2026-07-07 18:52:46,026 INFO sqlalchemy.engine.Engine SELECT pg_catalog.pg_class.relname 
FROM pg_catalog.pg_class JOIN pg_catalog.pg_namespace ON pg_catalog.pg_namespace.oid = pg_catalog.pg_class.relnamespace 
WHERE pg_catalog.pg_class.relname = $1::VARCHAR AND pg_catalog.pg_class.relkind = ANY (ARRAY[$2::VARCHAR, $3::VARCHAR, $4::VARCHAR, $5::VARCHAR, $6::VARCHAR]) AND pg_catalog.pg_table_is_visible(pg_catalog.pg_class.oid) AND pg_catalog.pg_namespace.nspname != $7::VARCHAR
2026-07-07 18:52:46,026 [INFO] sqlalchemy.engine.Engine: SELECT pg_catalog.pg_class.relname 
FROM pg_catalog.pg_class JOIN pg_catalog.pg_namespace ON pg_catalog.pg_namespace.oid = pg_catalog.pg_class.relnamespace 
WHERE pg_catalog.pg_class.relname = $1::VARCHAR AND pg_catalog.pg_class.relkind = ANY (ARRAY[$2::VARCHAR, $3::VARCHAR, $4::VARCHAR, $5::VARCHAR, $6::VARCHAR]) AND pg_catalog.pg_table_is_visible(pg_catalog.pg_class.oid) AND pg_catalog.pg_namespace.nspname != $7::VARCHAR
2026-07-07 18:52:46,027 INFO sqlalchemy.engine.Engine [cached since 0.001708s ago] ('series', 'r', 'p', 'f', 'v', 'm', 'pg_catalog')
2026-07-07 18:52:46,027 [INFO] sqlalchemy.engine.Engine: [cached since 0.001708s ago] ('series', 'r', 'p', 'f', 'v', 'm', 'pg_catalog')
2026-07-07 18:52:46,027 INFO sqlalchemy.engine.Engine SELECT pg_catalog.pg_class.relname 
FROM pg_catalog.pg_class JOIN pg_catalog.pg_namespace ON pg_catalog.pg_namespace.oid = pg_catalog.pg_class.relnamespace 
WHERE pg_catalog.pg_class.relname = $1::VARCHAR AND pg_catalog.pg_class.relkind = ANY (ARRAY[$2::VARCHAR, $3::VARCHAR, $4::VARCHAR, $5::VARCHAR, $6::VARCHAR]) AND pg_catalog.pg_table_is_visible(pg_catalog.pg_class.oid) AND pg_catalog.pg_namespace.nspname != $7::VARCHAR
2026-07-07 18:52:46,027 [INFO] sqlalchemy.engine.Engine: SELECT pg_catalog.pg_class.relname 
FROM pg_catalog.pg_class JOIN pg_catalog.pg_namespace ON pg_catalog.pg_namespace.oid = pg_catalog.pg_class.relnamespace 
WHERE pg_catalog.pg_class.relname = $1::VARCHAR AND pg_catalog.pg_class.relkind = ANY (ARRAY[$2::VARCHAR, $3::VARCHAR, $4::VARCHAR, $5::VARCHAR, $6::VARCHAR]) AND pg_catalog.pg_table_is_visible(pg_catalog.pg_class.oid) AND pg_catalog.pg_namespace.nspname != $7::VARCHAR
2026-07-07 18:52:46,027 INFO sqlalchemy.engine.Engine [cached since 0.002167s ago] ('instances', 'r', 'p', 'f', 'v', 'm', 'pg_catalog')
2026-07-07 18:52:46,027 [INFO] sqlalchemy.engine.Engine: [cached since 0.002167s ago] ('instances', 'r', 'p', 'f', 'v', 'm', 'pg_catalog')
2026-07-07 18:52:46,027 INFO sqlalchemy.engine.Engine COMMIT
2026-07-07 18:52:46,027 [INFO] sqlalchemy.engine.Engine: COMMIT
2026-07-07 18:52:46,028 [INFO] app.dicom.server: Starting DICOM Server (SCP) on port 11112 with AETitle 'PACS_ENTERPRISE'...
INFO:     Application startup complete.
ERROR:    [Errno 98] error while attempting to bind on address ('0.0.0.0', 8000): address already in use
INFO:     Waiting for application shutdown.
2026-07-07 18:52:46,029 [INFO] api.lifespan: Shutting down PACS/DICOM Enterprise...
2026-07-07 18:52:46,029 [ERROR] app.dicom.server: Failed to start DICOM Server: [Errno 98] Address already in use
INFO:     Application shutdown complete.
2026-07-07 18:52:46,029 [WARNING] aio_pika.robust_connection: Connection attempt to "amqp://pacsuser:******@localhost:5672/" cancelled. Reconnecting after 5 seconds.
